\BOOKMARK [1][-]{section.1}{\376\377\000M\000o\000t\000i\000v\000a\000t\000i\000o\000n\000\040\000a\000n\000d\000\040\000O\000b\000j\000e\000c\000t\000i\000v\000e\000s}{}% 1
\BOOKMARK [2][-]{subsection.1.1}{\376\377\000G\000r\000a\000p\000h\000\040\000C\000l\000a\000s\000s\000i\000f\000i\000e\000r}{section.1}% 2
\BOOKMARK [2][-]{subsection.1.2}{\376\377\000L\000i\000t\000e\000r\000a\000t\000u\000r\000e\000\040\000R\000e\000v\000i\000e\000w}{section.1}% 3
\BOOKMARK [2][-]{subsection.1.3}{\376\377\000M\000a\000i\000n\000\040\000G\000o\000a\000l\000s}{section.1}% 4
\BOOKMARK [2][-]{subsection.1.4}{\376\377\000I\000n\000i\000t\000i\000a\000l\000\040\000P\000r\000o\000b\000l\000e\000m\000s}{section.1}% 5
\BOOKMARK [1][-]{section.2}{\376\377\000D\000a\000t\000a}{}% 6
\BOOKMARK [2][-]{subsection.2.1}{\376\377\000C\000I\000F\000A\000R\000-\0001\0000\000\040\000I\000m\000a\000g\000e\000s}{section.2}% 7
\BOOKMARK [2][-]{subsection.2.2}{\376\377\000S\000c\000r\000a\000p\000e\000d\000\040\000G\000r\000a\000p\000h\000s}{section.2}% 8
\BOOKMARK [2][-]{subsection.2.3}{\376\377\000G\000e\000n\000e\000r\000a\000t\000e\000d\000\040\000G\000r\000a\000p\000h\000s}{section.2}% 9
\BOOKMARK [1][-]{section.3}{\376\377\000M\000e\000t\000h\000o\000d\000s}{}% 10
\BOOKMARK [2][-]{subsection.3.1}{\376\377\000O\000v\000e\000r\000v\000i\000e\000w}{section.3}% 11
\BOOKMARK [2][-]{subsection.3.2}{\376\377\000F\000e\000e\000d\000-\000F\000o\000r\000w\000a\000r\000d\000\040\000N\000e\000u\000r\000a\000l\000\040\000N\000e\000t\000w\000o\000r\000k\000s}{section.3}% 12
\BOOKMARK [2][-]{subsection.3.3}{\376\377\000C\000o\000n\000v\000o\000l\000u\000t\000i\000o\000n\000a\000l\000\040\000N\000e\000u\000r\000a\000l\000\040\000N\000e\000t\000w\000o\000r\000k\000s}{section.3}% 13
\BOOKMARK [3][-]{subsubsection.3.3.1}{\376\377\000C\000N\000N\000s\000\040\000v\000s\000.\000\040\000F\000N\000N\000s}{subsection.3.3}% 14
\BOOKMARK [3][-]{subsubsection.3.3.2}{\376\377\000C\000N\000N\000\040\000a\000n\000d\000\040\000M\000a\000x\000\040\000P\000o\000o\000l\000i\000n\000g\000\040\000L\000a\000y\000e\000r\000s}{subsection.3.3}% 15
\BOOKMARK [3][-]{subsubsection.3.3.3}{\376\377\000R\000e\000c\000t\000i\000f\000i\000e\000d\000\040\000L\000i\000n\000e\000a\000r\000\040\000U\000n\000i\000t\000s}{subsection.3.3}% 16
\BOOKMARK [3][-]{subsubsection.3.3.4}{\376\377\000C\000r\000o\000s\000s\000-\000E\000n\000t\000r\000o\000p\000y}{subsection.3.3}% 17
\BOOKMARK [3][-]{subsubsection.3.3.5}{\376\377\000A\000d\000a\000m\000\040\000O\000p\000t\000i\000m\000i\000z\000e\000r}{subsection.3.3}% 18
\BOOKMARK [2][-]{subsection.3.4}{\376\377\000P\000y\000t\000h\000o\000n\000,\000\040\000K\000e\000r\000a\000s\000,\000\040\000a\000n\000d\000\040\000L\000i\000b\000a\000r\000i\000e\000s}{section.3}% 19
\BOOKMARK [2][-]{subsection.3.5}{\376\377\000S\000i\000m\000p\000l\000i\000f\000i\000e\000d\000\040\000G\000r\000a\000p\000h\000\040\000C\000l\000a\000s\000s\000i\000f\000i\000e\000r}{section.3}% 20
\BOOKMARK [2][-]{subsection.3.6}{\376\377\000D\000i\000s\000t\000r\000i\000b\000u\000t\000i\000o\000n\000\040\000G\000r\000a\000p\000h\000\040\000C\000l\000a\000s\000s\000i\000f\000i\000e\000r}{section.3}% 21
\BOOKMARK [1][-]{section.4}{\376\377\000R\000e\000s\000u\000l\000t\000s}{}% 22
\BOOKMARK [2][-]{subsection.4.1}{\376\377\000S\000i\000m\000p\000l\000e\000\040\000G\000r\000a\000p\000h\000\040\000C\000l\000a\000s\000s\000i\000f\000i\000e\000r\000s}{section.4}% 23
\BOOKMARK [2][-]{subsection.4.2}{\376\377\000D\000i\000s\000t\000r\000i\000b\000u\000t\000i\000o\000n\000\040\000G\000r\000a\000p\000h\000\040\000C\000l\000a\000s\000s\000i\000f\000i\000e\000r\000s}{section.4}% 24
\BOOKMARK [2][-]{subsection.4.3}{\376\377\000C\000o\000n\000c\000l\000u\000s\000i\000o\000n\000s\000\040\000a\000n\000d\000\040\000F\000u\000r\000t\000h\000e\000r\000\040\000R\000e\000s\000e\000a\000r\000c\000h}{section.4}% 25
\BOOKMARK [1][-]{section*.2}{\376\377\000R\000e\000f\000e\000r\000e\000n\000c\000e\000s}{}% 26
